<?xml version="1.0" encoding="UTF-8"?>
<!-- Generated by org.testng.reporters.JUnitXMLReporter -->
<testsuite ignored="0" hostname="LAPTOP-741M6KJT" failures="0" tests="2" name="Default test(failed)" time="0.086" errors="0" timestamp="2023-02-15T17:04:13 IST">
  <testcase classname="com.ds.testbase.TestBase" name="@BeforeMethod Setup" time="-1.676460852949E9">
    <failure type="org.testng.TestNGException" message="
Parameter &amp;apos;browser&amp;apos; is required by BeforeMethod on method Setup but has not been marked @Optional or defined
in C:\Users\avish\eclipse-workspace\DalaStreet\test-output\testng-failed.xml">
      <![CDATA[org.testng.TestNGException: 
Parameter 'browser' is required by BeforeMethod on method Setup but has not been marked @Optional or defined
in C:\Users\avish\eclipse-workspace\DalaStreet\test-output\testng-failed.xml
at java.base/java.util.ArrayList.forEach(ArrayList.java:1511)
... Removed 28 stack frames]]>
    </failure>
  </testcase> <!-- @BeforeMethod Setup -->
  <testcase classname="com.ds.testbase.TestBase" name="@AfterMethod teardown" time="-1.676460852961E9">
    <skipped/>
  </testcase> <!-- @AfterMethod teardown -->
  <testcase classname="com.ds.testbase.TestBase" name="@BeforeMethod Setup" time="-1.676460852963E9">
    <skipped/>
  </testcase> <!-- @BeforeMethod Setup -->
  <testcase classname="com.ds.testbase.TestBase" name="@AfterMethod teardown" time="-1.676460852967E9">
    <skipped/>
  </testcase> <!-- @AfterMethod teardown -->
  <testcase classname="com.ds.testbase.TestBase" name="@AfterTest end" time="0.001">
    <failure type="java.lang.NullPointerException" message="Cannot invoke &amp;quot;org.apache.log4j.Logger.info(Object)&amp;quot; because &amp;quot;com.ds.testbase.TestBase.logger&amp;quot; is null">
      <![CDATA[java.lang.NullPointerException: Cannot invoke "org.apache.log4j.Logger.info(Object)" because "com.ds.testbase.TestBase.logger" is null
at com.ds.testbase.TestBase.end(TestBase.java:51)
... Removed 22 stack frames]]>
    </failure>
  </testcase> <!-- @AfterTest end -->
  <testcase classname="com.ds.testlayer.BuyFunctionality" name="verifyBuyFunctionalityWithLongTermMarket" time="0.0">
    <skipped/>
  </testcase> <!-- verifyBuyFunctionalityWithLongTermMarket -->
  <testcase classname="com.ds.testlayer.BuyFunctionality" name="verifyBuyFunctionalityWithIntradayAndMarket" time="0.0">
    <skipped/>
  </testcase> <!-- verifyBuyFunctionalityWithIntradayAndMarket -->
</testsuite> <!-- Default test(failed) -->
